01-10-2019 23:10:15 INFO [TC01_ApplyForNumberPlateStepDefinition]: Step completed - TC01_ApplyForNumberPlateStepDefinition
01-10-2019 23:10:38 INFO [TC01_ApplyForNumberPlateStepDefinition]: Step completed - verifyAndClickOnServiceCentre
01-10-2019 23:10:38 INFO [TC02_WeatherbitStepDefinition]: Step completed - TC01_ApplyForNumberPlateStepDefinition
01-10-2019 23:10:39 INFO [TC02_WeatherbitStepDefinition]: ==============================================
01-10-2019 23:10:39 INFO [TC02_WeatherbitStepDefinition]: {"data":[{"rh":81,"pod":"d","lon":-78.25,"pres":1001.8,"timezone":"America\/New_York","ob_time":"2019-10-01 12:50","country_code":"US","clouds":100,"ts":1569934200,"solar_rad":54.9,"state_code":"VA","city_name":"Lake Monticello","wind_spd":2.1,"last_ob_time":"2019-10-01T12:50:00","wind_cdir_full":"northeast","wind_cdir":"NE","slp":1020.4,"vis":5,"h_angle":-60,"sunset":"22:56","dni":677.04,"dewpt":16.7,"snow":0,"uv":1.23765,"precip":0,"wind_dir":49,"sunrise":"11:09","ghi":304.82,"dhi":77.4,"aqi":29,"lat":38,"weather":{"icon":"c02d","code":"802","description":"Scattered clouds"},"datetime":"2019-10-01:13","temp":20,"station":"C9335","elev_angle":20.24,"app_temp":20.2}],"count":1}

01-10-2019 23:10:39 INFO [TC02_WeatherbitStepDefinition]: ==============================================
01-10-2019 23:10:39 INFO [TC02_WeatherbitStepDefinition]: ==============================================
01-10-2019 23:10:39 INFO [TC02_WeatherbitStepDefinition]: State Code : "VA"
01-10-2019 23:10:39 INFO [TC02_WeatherbitStepDefinition]: ==============================================
01-10-2019 23:10:40 INFO [TC02_WeatherbitStepDefinition]: ==============================================
01-10-2019 23:10:40 INFO [TC02_WeatherbitStepDefinition]: responseMsg
01-10-2019 23:10:40 INFO [TC02_WeatherbitStepDefinition]: ==============================================
01-10-2019 23:10:40 INFO [TC02_WeatherbitStepDefinition]: ==============================================
01-10-2019 23:10:40 INFO [TC02_WeatherbitStepDefinition]: {timestamp_utc, weather} : {"2019-10-01" ,{"icon":"c02d","code":801,"description":"Few clouds"}}
01-10-2019 23:10:40 INFO [TC02_WeatherbitStepDefinition]: {timestamp_utc, weather} : {"2019-10-02" ,{"icon":"c02d","code":801,"description":"Few clouds"}}
01-10-2019 23:10:40 INFO [TC02_WeatherbitStepDefinition]: {timestamp_utc, weather} : {"2019-10-03" ,{"icon":"c02d","code":801,"description":"Few clouds"}}
01-10-2019 23:10:40 INFO [TC02_WeatherbitStepDefinition]: {timestamp_utc, weather} : {"2019-10-04" ,{"icon":"c02d","code":801,"description":"Few clouds"}}
01-10-2019 23:10:40 INFO [TC02_WeatherbitStepDefinition]: {timestamp_utc, weather} : {"2019-10-05" ,{"icon":"c04d","code":804,"description":"Overcast clouds"}}
01-10-2019 23:10:40 INFO [TC02_WeatherbitStepDefinition]: {timestamp_utc, weather} : {"2019-10-06" ,{"icon":"c03d","code":803,"description":"Broken clouds"}}
01-10-2019 23:10:40 INFO [TC02_WeatherbitStepDefinition]: {timestamp_utc, weather} : {"2019-10-07" ,{"icon":"t03d","code":202,"description":"Thunderstorm with heavy rain"}}
01-10-2019 23:10:40 INFO [TC02_WeatherbitStepDefinition]: {timestamp_utc, weather} : {"2019-10-08" ,{"icon":"t02d","code":201,"description":"Thunderstorm with rain"}}
01-10-2019 23:10:40 INFO [TC02_WeatherbitStepDefinition]: {timestamp_utc, weather} : {"2019-10-09" ,{"icon":"c02d","code":801,"description":"Few clouds"}}
01-10-2019 23:10:40 INFO [TC02_WeatherbitStepDefinition]: {timestamp_utc, weather} : {"2019-10-10" ,{"icon":"c04d","code":804,"description":"Overcast clouds"}}
01-10-2019 23:10:40 INFO [TC02_WeatherbitStepDefinition]: {timestamp_utc, weather} : {"2019-10-11" ,{"icon":"c04d","code":804,"description":"Overcast clouds"}}
01-10-2019 23:10:40 INFO [TC02_WeatherbitStepDefinition]: {timestamp_utc, weather} : {"2019-10-12" ,{"icon":"c04d","code":804,"description":"Overcast clouds"}}
01-10-2019 23:10:40 INFO [TC02_WeatherbitStepDefinition]: {timestamp_utc, weather} : {"2019-10-13" ,{"icon":"c04d","code":804,"description":"Overcast clouds"}}
01-10-2019 23:10:40 INFO [TC02_WeatherbitStepDefinition]: {timestamp_utc, weather} : {"2019-10-14" ,{"icon":"c03d","code":803,"description":"Broken clouds"}}
01-10-2019 23:10:40 INFO [TC02_WeatherbitStepDefinition]: {timestamp_utc, weather} : {"2019-10-15" ,{"icon":"c02d","code":802,"description":"Scattered clouds"}}
01-10-2019 23:10:40 INFO [TC02_WeatherbitStepDefinition]: {timestamp_utc, weather} : {"2019-10-16" ,{"icon":"c04d","code":804,"description":"Overcast clouds"}}
01-10-2019 23:10:40 INFO [TC02_WeatherbitStepDefinition]: ==============================================
